2024-11-28 20:11:23,145 - core.tele_bot - INFO - Bot is starting...Press Ctrl + C to stop.
2024-11-28 20:12:19,326 - handlers.summary_handler - INFO - Video summarized successfully
2024-11-28 20:13:45,297 - core.tele_bot - INFO - Bot is starting...Press Ctrl + C to stop.
2024-11-28 20:13:54,768 - services.summary_video - INFO - Transcript extracted for video: for foree [Music]
2024-11-28 20:13:54,770 - services.summary_video - INFO - Summarizing video: Video title
2024-11-28 20:14:05,573 - utils.summary_ai - ERROR - Error when summarizing content: object of type 'ChatCompletion' has no len()
2024-11-28 20:14:05,579 - services.summary_video - INFO - An error occurred during summarization: object of type 'ChatCompletion' has no len()
2024-11-28 20:14:05,583 - handlers.summary_handler - INFO - Video summarized successfully
2024-11-28 20:17:22,501 - core.tele_bot - INFO - Bot is starting...Press Ctrl + C to stop.
2024-11-28 20:17:37,237 - handlers.summary_handler - INFO - Video summarized successfully
2024-11-28 20:18:03,515 - handlers.summary_handler - INFO - Video summarized successfully
2024-11-28 20:25:36,044 - core.tele_bot - INFO - Bot is starting...Press Ctrl + C to stop.
2024-11-28 20:25:48,394 - services.summary_video - INFO - Fetching video metadata for URL: https://youtu.be/92bkS08IFAw?si=63DK8Fed6ap7WgL9
2024-11-28 20:25:48,397 - services.summary_video - ERROR - An error occurred during video summarization: 'module' object is not callable
2024-11-28 20:25:48,400 - handlers.summary_handler - INFO - Video summarized successfully
2024-11-28 20:27:49,486 - core.tele_bot - INFO - Bot is starting...Press Ctrl + C to stop.
2024-11-28 20:28:01,923 - services.summary_video - INFO - Fetching video metadata for URL: https://youtu.be/92bkS08IFAw?si=63DK8Fed6ap7WgL9
2024-11-28 20:28:01,926 - services.summary_video - ERROR - An error occurred during video summarization: 'module' object is not callable
2024-11-28 20:28:01,929 - handlers.summary_handler - INFO - Video summarized successfully
2024-11-28 20:30:27,600 - core.tele_bot - INFO - Bot is starting...Press Ctrl + C to stop.
2024-11-28 20:30:38,441 - services.summary_video - INFO - Fetching video metadata for URL: https://youtu.be/92bkS08IFAw?si=63DK8Fed6ap7WgL9
2024-11-28 20:30:38,443 - services.summary_video - ERROR - An error occurred during video summarization: 'module' object is not callable
2024-11-28 20:30:38,446 - handlers.summary_handler - INFO - Video summarized successfully
2024-11-28 20:32:16,238 - core.tele_bot - INFO - Bot is starting...Press Ctrl + C to stop.
2024-11-28 20:32:31,975 - services.summary_video - INFO - Fetching video metadata for URL: https://youtu.be/92bkS08IFAw?si=63DK8Fed6ap7WgL9
2024-11-28 20:32:31,990 - services.summary_video - ERROR - An error occurred during video summarization: 'module' object is not callable
2024-11-28 20:32:32,008 - handlers.summary_handler - INFO - Video summarized successfully
2024-11-28 20:36:17,524 - core.tele_bot - INFO - Bot is starting...Press Ctrl + C to stop.
2024-11-28 20:36:20,618 - services.summary_video - INFO - Fetching video metadata for URL: https://youtu.be/92bkS08IFAw?si=63DK8Fed6ap7WgL9
2024-11-28 20:36:20,620 - services.summary_video - ERROR - An error occurred during video summarization: 'module' object is not callable
2024-11-28 20:36:20,622 - handlers.summary_handler - INFO - Video summarized successfully
2024-11-28 20:41:21,717 - core.tele_bot - INFO - Bot is starting...Press Ctrl + C to stop.
2024-11-28 20:41:29,092 - services.summary_video - INFO - Fetching video metadata for URL: https://youtu.be/92bkS08IFAw?si=63DK8Fed6ap7WgL9
2024-11-28 20:41:29,094 - services.summary_video - ERROR - An error occurred during video summarization: 'module' object is not callable
2024-11-28 20:41:29,097 - handlers.summary_handler - INFO - Video summarized successfully
2024-11-28 20:43:36,271 - core.tele_bot - INFO - Bot is starting...Press Ctrl + C to stop.
2024-11-28 20:43:45,884 - services.summary_video - INFO - Fetching video metadata for URL: https://youtu.be/92bkS08IFAw?si=63DK8Fed6ap7WgL9
2024-11-28 20:43:45,887 - services.summary_video - INFO - Video metadata retrieved: hi
2024-11-28 20:43:45,889 - handlers.summary_handler - INFO - Video summarized successfully
2024-11-28 20:44:46,310 - core.tele_bot - INFO - Bot is starting...Press Ctrl + C to stop.
2024-11-28 20:44:51,049 - services.summary_video - INFO - Fetching video metadata for URL: https://youtu.be/92bkS08IFAw?si=63DK8Fed6ap7WgL9
2024-11-28 20:44:51,051 - services.summary_video - ERROR - An error occurred during video summarization: 'module' object is not callable
2024-11-28 20:44:51,054 - handlers.summary_handler - INFO - Video summarized successfully
2024-11-28 20:47:31,559 - core.tele_bot - INFO - Bot is starting...Press Ctrl + C to stop.
2024-11-28 20:47:34,499 - services.summary_video - INFO - Fetching video metadata for URL: https://youtu.be/92bkS08IFAw?si=63DK8Fed6ap7WgL9
2024-11-28 20:47:34,501 - services.summary_video - ERROR - An error occurred during video summarization: 'module' object is not callable
2024-11-28 20:47:34,504 - handlers.summary_handler - INFO - Video summarized successfully
2024-11-28 21:01:51,553 - core.tele_bot - INFO - Bot is starting...Press Ctrl + C to stop.
2024-11-28 21:02:17,184 - core.tele_bot - INFO - Bot is starting...Press Ctrl + C to stop.
2024-11-28 21:03:07,914 - utils.transcript_video - INFO - Extracting transcript for video ID: 92bkS08IFAw
2024-11-28 21:03:07,916 - utils.transcript_video - INFO - Trying language: en
2024-11-28 21:03:08,478 - utils.transcript_video - INFO - No transcript found for language: en
2024-11-28 21:03:08,479 - utils.transcript_video - INFO - Trying language: vi
2024-11-28 21:03:22,832 - services.summary_video - INFO - Video summarized successfully
2024-11-28 21:03:22,834 - handlers.summary_handler - INFO - Video summarized successfully
2024-11-28 21:06:55,751 - utils.transcript_video - INFO - Extracting transcript for video ID: a9Q9O5pWklY
2024-11-28 21:06:55,753 - utils.transcript_video - INFO - Trying language: vi
2024-11-28 21:07:09,419 - services.summary_video - INFO - Video summarized successfully
2024-11-28 21:07:30,694 - utils.transcript_video - INFO - Extracting transcript for video ID: a9Q9O5pWklY
2024-11-28 21:07:30,695 - utils.transcript_video - INFO - Trying language: vi
2024-11-28 21:07:43,494 - services.summary_video - INFO - Video summarized successfully
2024-11-28 21:24:15,682 - utils.transcript_video - INFO - Extracting transcript for video ID: a9Q9O5pWklY
2024-11-28 21:24:15,684 - utils.transcript_video - INFO - Trying language: vi
2024-11-28 21:24:28,959 - services.summary_video - INFO - Video summarized successfully
2024-11-28 22:06:12,188 - utils.transcript_video - INFO - Extracting transcript for video ID: a9Q9O5pWklY
2024-11-28 22:06:12,189 - utils.transcript_video - INFO - Trying language: vi
2024-11-28 22:06:25,535 - services.summary_video - INFO - Video summarized successfully
2024-11-28 22:06:42,892 - services.analyze_video - INFO - Get static video successful
2024-11-28 22:08:06,551 - services.analyze_video - INFO - Get static video successful
2024-11-28 22:11:16,582 - services.get_thumbnail - INFO - Thumbnail URL: https://img.youtube.com/vi/a9Q9O5pWklY/sddefault.jpg
2024-11-28 22:11:27,045 - services.analyze_video - INFO - Get static video successful
